<?xml version="1.0" encoding="UTF-8"?>
<!-- Generated by org.testng.reporters.JUnitXMLReporter -->
<testsuite hostname="VDUDDUKU-L470" ignored="0" name="Default test" tests="3" failures="3" timestamp="2020-05-22T20:24:19 IST" time="126.449" errors="0">
  <testcase name="feature" time="114.364" classname="parallel.RunCucumberTest">
    <failure type="java.lang.NullPointerException">
      <![CDATA[java.lang.NullPointerException
at pageObjects.HomePageObjects.validateHomePageTitle(HomePageObjects.java:40)
at parallel.LoginPage.i_validate_the_HomePage_title(LoginPage.java:40)
at ✽.I validate the HomePage title(file:src/test/resources/parallel/login.feature:6)
]]>
    </failure>
  </testcase> <!-- feature -->
  <testcase name="feature" time="124.347" classname="parallel.RunCucumberTest">
    <failure type="java.lang.NullPointerException">
      <![CDATA[java.lang.NullPointerException
at java.util.Objects.requireNonNull(Objects.java:203)
at org.openqa.selenium.interactions.Actions.<init>(Actions.java:65)
at pageObjects.HomePageObjects.SuitesManager(HomePageObjects.java:49)
at parallel.RemoveMRLFromSuite.i_am_provided_with_suites_manager_window(RemoveMRLFromSuite.java:35)
at ✽.i am provided with suites manager window(file:src/test/resources/parallel/regman.feature:12)
]]>
    </failure>
  </testcase> <!-- feature -->
  <testcase name="feature" time="125.27" classname="parallel.RunCucumberTest">
    <failure type="java.lang.NullPointerException">
      <![CDATA[java.lang.NullPointerException
at java.util.Objects.requireNonNull(Objects.java:203)
at org.openqa.selenium.interactions.Actions.<init>(Actions.java:65)
at pageObjects.HomePageObjects.SuitesManager(HomePageObjects.java:49)
at parallel.AddMRLToSuite.i_was_provided_with_suites_manager_window(AddMRLToSuite.java:36)
at ✽.i was provided with suites manager window(file:src/test/resources/parallel/regman.feature:5)
]]>
    </failure>
  </testcase> <!-- feature -->
</testsuite> <!-- Default test -->
