<?xml version="1.0" encoding="UTF-8"?>
<testng-results skipped="0" failed="3" ignored="0" total="3" passed="0">
  <reporter-output>
  </reporter-output>
  <suite name="Default suite" duration-ms="126449" started-at="2020-05-22T20:22:12 IST" finished-at="2020-05-22T20:24:19 IST">
    <groups>
      <group name="cucumber">
        <method signature="RunCucumberTest.feature(cucumber.api.testng.PickleEventWrapper, cucumber.api.testng.CucumberFeatureWrapper)[pri:0, instance:parallel.RunCucumberTest@4abdb505]" name="feature" class="parallel.RunCucumberTest"/>
      </group> <!-- cucumber -->
    </groups>
    <test name="Default test" duration-ms="126449" started-at="2020-05-22T20:22:12 IST" finished-at="2020-05-22T20:24:19 IST">
      <class name="parallel.RunCucumberTest">
        <test-method status="PASS" signature="setUpClass()[pri:0, instance:parallel.RunCucumberTest@4abdb505]" name="setUpClass" is-config="true" duration-ms="179" started-at="2020-05-22T20:22:12 IST" finished-at="2020-05-22T20:22:13 IST">
          <reporter-output>
          </reporter-output>
        </test-method> <!-- setUpClass -->
        <test-method status="FAIL" signature="feature(cucumber.api.testng.PickleEventWrapper, cucumber.api.testng.CucumberFeatureWrapper)[pri:0, instance:parallel.RunCucumberTest@4abdb505]" name="feature" duration-ms="114364" started-at="2020-05-22T20:22:13 IST" description="Runs Cucumber Feature" data-provider="scenarios" finished-at="2020-05-22T20:24:07 IST">
          <params>
            <param index="0">
              <value>
                <![CDATA["Regression Manager Login"]]>
              </value>
            </param>
            <param index="1">
              <value>
                <![CDATA["Regression Manager Login Test"]]>
              </value>
            </param>
          </params>
          <exception class="java.lang.NullPointerException">
            <full-stacktrace>
              <![CDATA[java.lang.NullPointerException
at pageObjects.HomePageObjects.validateHomePageTitle(HomePageObjects.java:40)
at parallel.LoginPage.i_validate_the_HomePage_title(LoginPage.java:40)
at ✽.I validate the HomePage title(file:src/test/resources/parallel/login.feature:6)
]]>
            </full-stacktrace>
          </exception> <!-- java.lang.NullPointerException -->
          <reporter-output>
          </reporter-output>
        </test-method> <!-- feature -->
        <test-method status="FAIL" signature="feature(cucumber.api.testng.PickleEventWrapper, cucumber.api.testng.CucumberFeatureWrapper)[pri:0, instance:parallel.RunCucumberTest@4abdb505]" name="feature" duration-ms="124347" started-at="2020-05-22T20:22:13 IST" description="Runs Cucumber Feature" data-provider="scenarios" finished-at="2020-05-22T20:24:17 IST">
          <params>
            <param index="0">
              <value>
                <![CDATA["Regression Manager Remove"]]>
              </value>
            </param>
            <param index="1">
              <value>
                <![CDATA["Regression Manager Tests"]]>
              </value>
            </param>
          </params>
          <exception class="java.lang.NullPointerException">
            <full-stacktrace>
              <![CDATA[java.lang.NullPointerException
at java.util.Objects.requireNonNull(Objects.java:203)
at org.openqa.selenium.interactions.Actions.<init>(Actions.java:65)
at pageObjects.HomePageObjects.SuitesManager(HomePageObjects.java:49)
at parallel.RemoveMRLFromSuite.i_am_provided_with_suites_manager_window(RemoveMRLFromSuite.java:35)
at ✽.i am provided with suites manager window(file:src/test/resources/parallel/regman.feature:12)
]]>
            </full-stacktrace>
          </exception> <!-- java.lang.NullPointerException -->
          <reporter-output>
          </reporter-output>
        </test-method> <!-- feature -->
        <test-method status="FAIL" signature="feature(cucumber.api.testng.PickleEventWrapper, cucumber.api.testng.CucumberFeatureWrapper)[pri:0, instance:parallel.RunCucumberTest@4abdb505]" name="feature" duration-ms="125270" started-at="2020-05-22T20:22:13 IST" description="Runs Cucumber Feature" data-provider="scenarios" finished-at="2020-05-22T20:24:18 IST">
          <params>
            <param index="0">
              <value>
                <![CDATA["Regression Manager Add"]]>
              </value>
            </param>
            <param index="1">
              <value>
                <![CDATA["Regression Manager Tests"]]>
              </value>
            </param>
          </params>
          <exception class="java.lang.NullPointerException">
            <full-stacktrace>
              <![CDATA[java.lang.NullPointerException
at java.util.Objects.requireNonNull(Objects.java:203)
at org.openqa.selenium.interactions.Actions.<init>(Actions.java:65)
at pageObjects.HomePageObjects.SuitesManager(HomePageObjects.java:49)
at parallel.AddMRLToSuite.i_was_provided_with_suites_manager_window(AddMRLToSuite.java:36)
at ✽.i was provided with suites manager window(file:src/test/resources/parallel/regman.feature:5)
]]>
            </full-stacktrace>
          </exception> <!-- java.lang.NullPointerException -->
          <reporter-output>
          </reporter-output>
        </test-method> <!-- feature -->
        <test-method status="PASS" signature="tearDownClass()[pri:0, instance:parallel.RunCucumberTest@4abdb505]" name="tearDownClass" is-config="true" duration-ms="904" started-at="2020-05-22T20:24:18 IST" finished-at="2020-05-22T20:24:19 IST">
          <reporter-output>
          </reporter-output>
        </test-method> <!-- tearDownClass -->
        <test-method status="PASS" signature="html_report()[pri:0, instance:parallel.RunCucumberTest@4abdb505]" name="html_report" is-config="true" duration-ms="1558" started-at="2020-05-22T20:24:19 IST" finished-at="2020-05-22T20:24:20 IST">
          <reporter-output>
          </reporter-output>
        </test-method> <!-- html_report -->
      </class> <!-- parallel.RunCucumberTest -->
    </test> <!-- Default test -->
  </suite> <!-- Default suite -->
</testng-results>
